Arguments: 
  /usr/local/bin/node /usr/local/bin/yarn add jsdpdf

PATH: 
  /home/szabi/.pyenv/plugins/pyenv-virtualenv/shims:/home/szabi/.pyenv/shims:/home/szabi/.pyenv/bin:/home/szabi/.local/bin:/home/szabi/.pyenv/plugins/pyenv-virtualenv/shims:/home/szabi/.pyenv/bin:/home/szabi/.local/bin:/usr/local/sbin:/usr/local/bin:/usr/sbin:/usr/bin:/sbin:/bin:/usr/games:/usr/local/games:/snap/bin:/snap/bin:/home/szabi/.dotnet/tools:/home/szabi/.local/share/JetBrains/Toolbox/scripts:/home/szabi/.local/share/JetBrains/Toolbox/scripts

Yarn version: 
  1.22.19

Node version: 
  21.1.0

Platform: 
  linux x64

Trace: 
  Error: https://registry.npm.taobao.org/jsdpdf: Not found
      at params.callback [as _callback] (/usr/local/lib/node_modules/yarn/lib/cli.js:66145:18)
      at self.callback (/usr/local/lib/node_modules/yarn/lib/cli.js:140890:22)
      at Request.emit (node:events:515:28)
      at Request.<anonymous> (/usr/local/lib/node_modules/yarn/lib/cli.js:141862:10)
      at Request.emit (node:events:515:28)
      at IncomingMessage.<anonymous> (/usr/local/lib/node_modules/yarn/lib/cli.js:141784:12)
      at Object.onceWrapper (node:events:629:28)
      at IncomingMessage.emit (node:events:527:35)
      at endReadableNT (node:internal/streams/readable:1589:12)
      at process.processTicksAndRejections (node:internal/process/task_queues:82:21)

npm manifest: 
  No manifest

yarn manifest: 
  No manifest

Lockfile: 
  No lockfile
